<?xml version="1.0" encoding="UTF-8"?>
<testng-results skipped="0" failed="1" ignored="0" total="4" passed="3">
  <reporter-output>
  </reporter-output>
  <suite name="Default suite" duration-ms="370672" started-at="2020-08-20T21:09:02Z" finished-at="2020-08-20T21:15:13Z">
    <groups>
    </groups>
    <test name="Default test" duration-ms="370672" started-at="2020-08-20T21:09:02Z" finished-at="2020-08-20T21:15:13Z">
      <class name="com.tictactoe.qa.tests.CodepenioHomePageTest">
        <test-method status="PASS" signature="setUp()[pri:0, instance:com.tictactoe.qa.tests.CodepenioHomePageTest@42d80b78]" name="setUp" is-config="true" duration-ms="21952" started-at="2020-08-20T17:09:02Z" finished-at="2020-08-20T17:09:24Z">
          <reporter-output>
          </reporter-output>
        </test-method> <!-- setUp -->
        <test-method status="PASS" signature="ticTactoePageTitleShouldDisplay()[pri:1, instance:com.tictactoe.qa.tests.CodepenioHomePageTest@42d80b78]" name="ticTactoePageTitleShouldDisplay" duration-ms="31" started-at="2020-08-20T17:09:24Z" finished-at="2020-08-20T17:09:24Z">
          <reporter-output>
          </reporter-output>
        </test-method> <!-- ticTactoePageTitleShouldDisplay -->
        <test-method status="PASS" signature="tearDown()[pri:0, instance:com.tictactoe.qa.tests.CodepenioHomePageTest@42d80b78]" name="tearDown" is-config="true" duration-ms="627" started-at="2020-08-20T17:09:24Z" finished-at="2020-08-20T17:09:25Z">
          <reporter-output>
          </reporter-output>
        </test-method> <!-- tearDown -->
        <test-method status="PASS" signature="setUp()[pri:0, instance:com.tictactoe.qa.tests.CodepenioHomePageTest@42d80b78]" name="setUp" is-config="true" duration-ms="21697" started-at="2020-08-20T17:09:25Z" finished-at="2020-08-20T17:09:46Z">
          <reporter-output>
          </reporter-output>
        </test-method> <!-- setUp -->
        <test-method status="PASS" signature="tictacToeGameShouldAllowToPlayAndwin()[pri:2, instance:com.tictactoe.qa.tests.CodepenioHomePageTest@42d80b78]" name="tictacToeGameShouldAllowToPlayAndwin" duration-ms="912" started-at="2020-08-20T17:09:46Z" finished-at="2020-08-20T17:09:47Z">
          <reporter-output>
          </reporter-output>
        </test-method> <!-- tictacToeGameShouldAllowToPlayAndwin -->
        <test-method status="PASS" signature="tearDown()[pri:0, instance:com.tictactoe.qa.tests.CodepenioHomePageTest@42d80b78]" name="tearDown" is-config="true" duration-ms="610" started-at="2020-08-20T17:09:47Z" finished-at="2020-08-20T17:09:48Z">
          <reporter-output>
          </reporter-output>
        </test-method> <!-- tearDown -->
        <test-method status="PASS" signature="setUp()[pri:0, instance:com.tictactoe.qa.tests.CodepenioHomePageTest@42d80b78]" name="setUp" is-config="true" duration-ms="21261" started-at="2020-08-20T17:09:48Z" finished-at="2020-08-20T17:10:09Z">
          <reporter-output>
          </reporter-output>
        </test-method> <!-- setUp -->
        <test-method status="FAIL" signature="tictacToeGameDoesNotDisplayErrorMssg()[pri:3, instance:com.tictactoe.qa.tests.CodepenioHomePageTest@42d80b78]" name="tictacToeGameDoesNotDisplayErrorMssg" duration-ms="25065" started-at="2020-08-20T17:10:09Z" finished-at="2020-08-20T17:10:34Z">
          <exception class="org.openqa.selenium.TimeoutException">
            <message>
              <![CDATA[Expected condition failed: waiting for visibility of element located by By.id: //*[@id='table']/tr/td (tried for 20 second(s) with 500 MILLISECONDS interval)]]>
            </message>
            <full-stacktrace>
              <![CDATA[org.openqa.selenium.TimeoutException: Expected condition failed: waiting for visibility of element located by By.id: //*[@id='table']/tr/td (tried for 20 second(s) with 500 MILLISECONDS interval)
	at org.openqa.selenium.support.ui.WebDriverWait.timeoutException(WebDriverWait.java:82)
	at org.openqa.selenium.support.ui.FluentWait.until(FluentWait.java:231)
	at com.tictactoe.qa.pages.CodepenioHomePage.clickPlayAndfailWithTimeout(CodepenioHomePage.java:54)
	at com.tictactoe.qa.tests.CodepenioHomePageTest.tictacToeGameDoesNotDisplayErrorMssg(CodepenioHomePageTest.java:49)
	at sun.reflect.NativeMethodAccessorImpl.invoke0(Native Method)
	at sun.reflect.NativeMethodAccessorImpl.invoke(NativeMethodAccessorImpl.java:62)
	at sun.reflect.DelegatingMethodAccessorImpl.invoke(DelegatingMethodAccessorImpl.java:43)
	at java.lang.reflect.Method.invoke(Method.java:498)
	at org.testng.internal.MethodInvocationHelper.invokeMethod(MethodInvocationHelper.java:108)
	at org.testng.internal.Invoker.invokeMethod(Invoker.java:661)
	at org.testng.internal.Invoker.invokeTestMethod(Invoker.java:869)
	at org.testng.internal.Invoker.invokeTestMethods(Invoker.java:1193)
	at org.testng.internal.TestMethodWorker.invokeTestMethods(TestMethodWorker.java:126)
	at org.testng.internal.TestMethodWorker.run(TestMethodWorker.java:109)
	at org.testng.TestRunner.privateRun(TestRunner.java:744)
	at org.testng.TestRunner.run(TestRunner.java:602)
	at org.testng.SuiteRunner.runTest(SuiteRunner.java:380)
	at org.testng.SuiteRunner.runSequentially(SuiteRunner.java:375)
	at org.testng.SuiteRunner.privateRun(SuiteRunner.java:340)
	at org.testng.SuiteRunner.run(SuiteRunner.java:289)
	at org.testng.SuiteRunnerWorker.runSuite(SuiteRunnerWorker.java:52)
	at org.testng.SuiteRunnerWorker.run(SuiteRunnerWorker.java:86)
	at org.testng.TestNG.runSuitesSequentially(TestNG.java:1301)
	at org.testng.TestNG.runSuitesLocally(TestNG.java:1226)
	at org.testng.TestNG.runSuites(TestNG.java:1144)
	at org.testng.TestNG.run(TestNG.java:1115)
	at org.testng.remote.AbstractRemoteTestNG.run(AbstractRemoteTestNG.java:114)
	at org.testng.remote.RemoteTestNG.initAndRun(RemoteTestNG.java:251)
	at org.testng.remote.RemoteTestNG.main(RemoteTestNG.java:77)
Caused by: org.openqa.selenium.NoSuchElementException: Cannot locate an element using By.id: //*[@id='table']/tr/td
For documentation on this error, please visit: http://seleniumhq.org/exceptions/no_such_element.html
Build info: version: '3.6.0', revision: '6fbf3ec767', time: '2017-09-27T15:28:36.4Z'
System info: host: 'DESKTOP-OHLANKH', ip: '192.168.1.50', os.name: 'Windows 10', os.arch: 'amd64', os.version: '10.0', java.version: '1.8.0_172'
Driver info: driver.version: unknown
	at org.openqa.selenium.support.ui.ExpectedConditions.lambda$findElement$0(ExpectedConditions.java:882)
	at java.util.Optional.orElseThrow(Optional.java:290)
	at org.openqa.selenium.support.ui.ExpectedConditions.findElement(ExpectedConditions.java:881)
	at org.openqa.selenium.support.ui.ExpectedConditions.access$000(ExpectedConditions.java:43)
	at org.openqa.selenium.support.ui.ExpectedConditions$7.apply(ExpectedConditions.java:205)
	at org.openqa.selenium.support.ui.ExpectedConditions$7.apply(ExpectedConditions.java:201)
	at org.openqa.selenium.support.ui.FluentWait.until(FluentWait.java:208)
	... 27 more
]]>
            </full-stacktrace>
          </exception> <!-- org.openqa.selenium.TimeoutException -->
          <reporter-output>
          </reporter-output>
        </test-method> <!-- tictacToeGameDoesNotDisplayErrorMssg -->
        <test-method status="PASS" signature="tearDown()[pri:0, instance:com.tictactoe.qa.tests.CodepenioHomePageTest@42d80b78]" name="tearDown" is-config="true" duration-ms="594" started-at="2020-08-20T17:10:34Z" finished-at="2020-08-20T17:10:35Z">
          <reporter-output>
          </reporter-output>
        </test-method> <!-- tearDown -->
        <test-method status="PASS" signature="setUp()[pri:0, instance:com.tictactoe.qa.tests.CodepenioHomePageTest@42d80b78]" name="setUp" is-config="true" duration-ms="20915" started-at="2020-08-20T17:10:35Z" finished-at="2020-08-20T17:10:56Z">
          <reporter-output>
          </reporter-output>
        </test-method> <!-- setUp -->
        <test-method status="PASS" signature="ticTacToeDoesNotDisplayWinner()[pri:4, instance:com.tictactoe.qa.tests.CodepenioHomePageTest@42d80b78]" name="ticTacToeDoesNotDisplayWinner" duration-ms="256382" started-at="2020-08-20T17:10:56Z" finished-at="2020-08-20T17:15:12Z">
          <reporter-output>
          </reporter-output>
        </test-method> <!-- ticTacToeDoesNotDisplayWinner -->
        <test-method status="PASS" signature="tearDown()[pri:0, instance:com.tictactoe.qa.tests.CodepenioHomePageTest@42d80b78]" name="tearDown" is-config="true" duration-ms="607" started-at="2020-08-20T17:15:12Z" finished-at="2020-08-20T17:15:13Z">
          <reporter-output>
          </reporter-output>
        </test-method> <!-- tearDown -->
      </class> <!-- com.tictactoe.qa.tests.CodepenioHomePageTest -->
    </test> <!-- Default test -->
  </suite> <!-- Default suite -->
</testng-results>
